{"/Users/haoxianliu/Documents/Flavor-Fusion/packages/react-frontend/src/components/Modal.jsx": {"path":"/Users/haoxianliu/Documents/Flavor-Fusion/packages/react-frontend/src/components/Modal.jsx","statementMap":{"0":{"start":{"line":13,"column":36},"end":{"line":13,"column":56}},"1":{"start":{"line":14,"column":36},"end":{"line":14,"column":57}},"2":{"start":{"line":15,"column":44},"end":{"line":15,"column":69}},"3":{"start":{"line":17,"column":28},"end":{"line":20,"column":5}},"4":{"start":{"line":18,"column":8},"end":{"line":18,"column":27}},"5":{"start":{"line":19,"column":8},"end":{"line":19,"column":32}},"6":{"start":{"line":22,"column":30},"end":{"line":25,"column":5}},"7":{"start":{"line":23,"column":8},"end":{"line":23,"column":27}},"8":{"start":{"line":24,"column":8},"end":{"line":24,"column":34}},"9":{"start":{"line":27,"column":4},"end":{"line":30,"column":39}},"10":{"start":{"line":28,"column":8},"end":{"line":28,"column":33}},"11":{"start":{"line":29,"column":8},"end":{"line":29,"column":41}},"12":{"start":{"line":32,"column":25},"end":{"line":42,"column":5}},"13":{"start":{"line":33,"column":8},"end":{"line":33,"column":27}},"14":{"start":{"line":34,"column":8},"end":{"line":40,"column":67}},"15":{"start":{"line":41,"column":8},"end":{"line":41,"column":18}},"16":{"start":{"line":44,"column":4},"end":{"line":101,"column":6}},"17":{"start":{"line":56,"column":45},"end":{"line":56,"column":72}},"18":{"start":{"line":67,"column":36},"end":{"line":67,"column":67}}},"fnMap":{"0":{"name":"Modal","decl":{"start":{"line":4,"column":9},"end":{"line":4,"column":14}},"loc":{"start":{"line":12,"column":3},"end":{"line":102,"column":1}},"line":12},"1":{"name":"(anonymous_1)","decl":{"start":{"line":17,"column":28},"end":{"line":17,"column":29}},"loc":{"start":{"line":17,"column":35},"end":{"line":20,"column":5}},"line":17},"2":{"name":"(anonymous_2)","decl":{"start":{"line":22,"column":30},"end":{"line":22,"column":31}},"loc":{"start":{"line":22,"column":37},"end":{"line":25,"column":5}},"line":22},"3":{"name":"(anonymous_3)","decl":{"start":{"line":27,"column":14},"end":{"line":27,"column":15}},"loc":{"start":{"line":27,"column":20},"end":{"line":30,"column":5}},"line":27},"4":{"name":"(anonymous_4)","decl":{"start":{"line":32,"column":25},"end":{"line":32,"column":26}},"loc":{"start":{"line":32,"column":32},"end":{"line":42,"column":5}},"line":32},"5":{"name":"(anonymous_5)","decl":{"start":{"line":56,"column":38},"end":{"line":56,"column":39}},"loc":{"start":{"line":56,"column":45},"end":{"line":56,"column":72}},"line":56},"6":{"name":"(anonymous_6)","decl":{"start":{"line":66,"column":42},"end":{"line":66,"column":43}},"loc":{"start":{"line":67,"column":36},"end":{"line":67,"column":67}},"line":67}},"branchMap":{"0":{"loc":{"start":{"line":7,"column":4},"end":{"line":7,"column":20}},"type":"default-arg","locations":[{"start":{"line":7,"column":18},"end":{"line":7,"column":20}}],"line":7},"1":{"loc":{"start":{"line":8,"column":4},"end":{"line":8,"column":24}},"type":"default-arg","locations":[{"start":{"line":8,"column":22},"end":{"line":8,"column":24}}],"line":8},"2":{"loc":{"start":{"line":9,"column":4},"end":{"line":9,"column":23}},"type":"default-arg","locations":[{"start":{"line":9,"column":19},"end":{"line":9,"column":23}}],"line":9},"3":{"loc":{"start":{"line":10,"column":4},"end":{"line":10,"column":18}},"type":"default-arg","locations":[{"start":{"line":10,"column":13},"end":{"line":10,"column":18}}],"line":10},"4":{"loc":{"start":{"line":11,"column":4},"end":{"line":11,"column":17}},"type":"default-arg","locations":[{"start":{"line":11,"column":12},"end":{"line":11,"column":17}}],"line":11},"5":{"loc":{"start":{"line":34,"column":8},"end":{"line":40,"column":66}},"type":"cond-expr","locations":[{"start":{"line":35,"column":14},"end":{"line":39,"column":16}},{"start":{"line":40,"column":14},"end":{"line":40,"column":66}}],"line":34},"6":{"loc":{"start":{"line":50,"column":29},"end":{"line":50,"column":60}},"type":"cond-expr","locations":[{"start":{"line":50,"column":38},"end":{"line":50,"column":51}},{"start":{"line":50,"column":54},"end":{"line":50,"column":60}}],"line":50},"7":{"loc":{"start":{"line":59,"column":21},"end":{"line":71,"column":21}},"type":"binary-expr","locations":[{"start":{"line":59,"column":21},"end":{"line":59,"column":33}},{"start":{"line":60,"column":24},"end":{"line":70,"column":30}}],"line":59},"8":{"loc":{"start":{"line":72,"column":21},"end":{"line":85,"column":21}},"type":"binary-expr","locations":[{"start":{"line":72,"column":21},"end":{"line":72,"column":26}},{"start":{"line":73,"column":24},"end":{"line":84,"column":30}}],"line":72}},"s":{"0":20,"1":20,"2":20,"3":20,"4":1,"5":1,"6":20,"7":1,"8":1,"9":20,"10":15,"11":15,"12":20,"13":4,"14":4,"15":4,"16":20,"17":1,"18":1},"f":{"0":20,"1":1,"2":1,"3":15,"4":4,"5":1,"6":1},"b":{"0":[1],"1":[1],"2":[1],"3":[1],"4":[1],"5":[1,3],"6":[2,18],"7":[20,18],"8":[20,5]},"_coverageSchema":"1a1c01bbd47fc00a2c39e90264f33305004495a9","hash":"93e2a5d52e57fdc3928879a1c738ca9c45d1c7a5"}
}
