TN:
SF:src/components/Modal.jsx
FN:4,Modal
FN:17,(anonymous_1)
FN:22,(anonymous_2)
FN:27,(anonymous_3)
FN:32,(anonymous_4)
FN:56,(anonymous_5)
FN:66,(anonymous_6)
FNF:7
FNH:7
FNDA:20,Modal
FNDA:1,(anonymous_1)
FNDA:1,(anonymous_2)
FNDA:15,(anonymous_3)
FNDA:4,(anonymous_4)
FNDA:1,(anonymous_5)
FNDA:1,(anonymous_6)
DA:13,20
DA:14,20
DA:15,20
DA:17,20
DA:18,1
DA:19,1
DA:22,20
DA:23,1
DA:24,1
DA:27,20
DA:28,15
DA:29,15
DA:32,20
DA:33,4
DA:34,4
DA:41,4
DA:44,20
DA:56,1
DA:67,1
LF:19
LH:19
BRDA:7,0,0,1
BRDA:8,1,0,1
BRDA:9,2,0,1
BRDA:10,3,0,1
BRDA:11,4,0,1
BRDA:34,5,0,1
BRDA:34,5,1,3
BRDA:50,6,0,2
BRDA:50,6,1,18
BRDA:59,7,0,20
BRDA:59,7,1,18
BRDA:72,8,0,20
BRDA:72,8,1,5
BRF:13
BRH:13
end_of_record
